<?xml version="1.0" encoding="UTF-8"?>
<!-- Generated by org.testng.reporters.JUnitReportReporter -->
<testsuite hostname="singathala-4" failures="0" tests="1" name="com.pac.www.DemoTest" time="31.635" errors="0" timestamp="2020-05-19T19:05:58 IST" skipped="0">
  <testcase classname="com.pac.www.DemoTest" name="search" time="31.635"/>
  <system-out>
Ebay product search test sucessfull....  </system-out>
</testsuite> <!-- com.pac.www.DemoTest -->
